<?xml version="1.0" encoding="UTF-8"?>
<testng-results skipped="0" failed="0" ignored="0" total="2" passed="2">
  <reporter-output>
  </reporter-output>
  <suite name="Suite" duration-ms="90175" started-at="2019-04-17T04:37:38Z" finished-at="2019-04-17T04:39:08Z">
    <groups>
    </groups>
    <test name="Test" duration-ms="90175" started-at="2019-04-17T04:37:38Z" finished-at="2019-04-17T04:39:08Z">
      <class name="TEST.DAtesting">
        <test-method status="PASS" signature="setup()[pri:0, instance:TEST.DAtesting@6c3708b3]" name="setup" is-config="true" duration-ms="10807" started-at="2019-04-17T04:37:38Z" finished-at="2019-04-17T04:37:49Z">
          <reporter-output>
          </reporter-output>
        </test-method> <!-- setup -->
        <test-method status="PASS" signature="login()[pri:0, instance:TEST.DAtesting@6c3708b3]" name="login" duration-ms="76671" started-at="2019-04-17T04:37:49Z" finished-at="2019-04-17T04:39:06Z">
          <reporter-output>
          </reporter-output>
        </test-method> <!-- login -->
        <test-method status="PASS" signature="trip()[pri:0, instance:TEST.DAtesting@6c3708b3]" name="trip" duration-ms="692" started-at="2019-04-17T04:39:06Z" finished-at="2019-04-17T04:39:07Z">
          <reporter-output>
          </reporter-output>
        </test-method> <!-- trip -->
        <test-method status="PASS" signature="tearDown()[pri:0, instance:TEST.DAtesting@6c3708b3]" name="tearDown" is-config="true" duration-ms="1893" started-at="2019-04-17T04:39:07Z" finished-at="2019-04-17T04:39:08Z">
          <reporter-output>
          </reporter-output>
        </test-method> <!-- tearDown -->
      </class> <!-- TEST.DAtesting -->
    </test> <!-- Test -->
  </suite> <!-- Suite -->
</testng-results>
